<?xml version="1.0" encoding="UTF-8"?>
<testsuite xmlns:xsi="http://www.w3.org/2001/XMLSchema-instance" xsi:schemaLocation="https://maven.apache.org/surefire/maven-surefire-plugin/xsd/surefire-test-report.xsd" name="com.webtech.qa.AcceptanceTestSuite" time="50.66" tests="11" errors="0" skipped="0" failures="0">
  <properties>
[...]
</properties>
  <testcase name="BeforeStories" classname="java.lang.Object" time="0.006"/>
  <testcase name="Given the user is on the Wikionary home page" classname="com.webtech.qa.steps.DefinitionSteps" time="15.071"/>
  <testcase name="When the user looks up the definition of the word &apos;apple&apos;" classname="com.webtech.qa.steps.DefinitionSteps" time="6.037"/>
  <testcase name="Then they should see the definition &apos;A common, round fruit produced by the tree Malus domestica, cultivated in temperate climates.&apos;" classname="com.webtech.qa.steps.DefinitionSteps" time="1.848"/>
  <testcase name="Scenario: Looking up the definition of &apos;apple&apos;" classname="Scenario: Looking up the definition of &apos;apple&apos;" time="4.155"/>
  <testcase name="Given the user is on the Wikionary home page​" classname="com.webtech.qa.steps.DefinitionSteps" time="11.497"/>
  <testcase name="When the user looks up the definition of the word &apos;pear&apos;" classname="com.webtech.qa.steps.DefinitionSteps" time="4.868"/>
  <testcase name="Then they should see the definition &apos;An edible fruit produced by the pear tree, similar to an apple but elongated towards the stem.&apos;" classname="com.webtech.qa.steps.DefinitionSteps" time="1.022"/>
  <testcase name="Scenario: Looking up the definition of &apos;pear&apos;" classname="Scenario: Looking up the definition of &apos;pear&apos;" time="3.105"/>
  <testcase name="LookupADefinition.story" classname="LookupADefinition.story" time="3.107"/>
  <testcase name="AfterStories" classname="java.lang.Object" time="2.308"/>
</testsuite>